<?xml version="1.0" encoding="UTF-8"?>
<robot generator="Robot 5.0.1 (Python 3.10.7 on win32)" generated="20220923 19:49:48.968" rpa="false" schemaversion="3">
<suite id="s1" name="Robot" source="C:\Projetos\qaninja\robot">
<suite id="s1-s1" name="Test" source="C:\Projetos\qaninja\robot\test.robot">
<test id="s1-s1-t1" name="Deve retornar mensagem de boas vindas" line="6">
<kw name="Welcome" library="app">
<var>${result}</var>
<arg>Andre</arg>
<msg timestamp="20220923 19:49:49.097" level="INFO">${result} = Olá Andre, Bem vindo ao Curso Básico de Robot Framework!</msg>
<status status="PASS" starttime="20220923 19:49:49.090" endtime="20220923 19:49:49.110"/>
</kw>
<kw name="Log To Console" library="BuiltIn">
<arg>${result}</arg>
<arg>Olá Andre, Bem vindo ao Curso Básico de Robot Framework!</arg>
<doc>Logs the given message to the console.</doc>
<status status="PASS" starttime="20220923 19:49:49.131" endtime="20220923 19:49:49.146"/>
</kw>
<status status="PASS" starttime="20220923 19:49:49.082" endtime="20220923 19:49:49.177"/>
</test>
<status status="PASS" starttime="20220923 19:49:49.064" endtime="20220923 19:49:49.233"/>
</suite>
<status status="PASS" starttime="20220923 19:49:48.980" endtime="20220923 19:49:49.251"/>
</suite>
<statistics>
<total>
<stat pass="1" fail="0" skip="0">All Tests</stat>
</total>
<tag>
</tag>
<suite>
<stat pass="1" fail="0" skip="0" id="s1" name="Robot">Robot</stat>
<stat pass="1" fail="0" skip="0" id="s1-s1" name="Test">Robot.Test</stat>
</suite>
</statistics>
<errors>
</errors>
</robot>
